{"meta": {"format": 3, "version": "7.13.5", "timestamp": "2026-04-24T13:25:59.712065", "branch_coverage": true, "show_contexts": false}, "files": {"bookstore\\models.py": {"executed_lines": [8, 11, 12, 13, 14, 15, 16, 17, 18, 19, 20, 22, 23, 24, 25, 26, 32, 33, 34, 35, 36, 38, 39, 40, 41, 42, 48, 49, 50, 51, 52, 54, 55, 56, 57, 58, 64, 65, 66, 67, 68, 69, 70, 71, 72, 73, 74, 75, 76, 78, 79, 80, 81, 82, 88, 89, 90, 91, 92, 93, 94, 96, 97, 98, 99, 100, 106, 107, 108, 109, 110, 111, 112, 113, 114, 115, 117, 118, 119, 120, 121, 127, 128, 129, 130, 131, 132, 133, 134, 136, 137, 138, 139, 140, 146, 147, 148, 149, 150, 151, 152, 153, 154, 156, 157, 158, 159, 160, 166, 167, 168, 169, 170, 171, 172, 173, 174, 176, 177, 178, 179, 180, 186, 187, 188, 189, 190, 191, 192, 194, 195, 196, 197, 198, 204, 206, 213, 217, 218, 219, 220, 222, 224, 225, 226, 227, 228, 229], "summary": {"covered_lines": 148, "num_statements": 151, "percent_covered": 96.73202614379085, "percent_covered_display": "97", "missing_lines": 3, "excluded_lines": 22, "percent_statements_covered": 98.01324503311258, "percent_statements_covered_display": "98", "num_branches": 2, "num_partial_branches": 0, "covered_branches": 0, "missing_branches": 2, "percent_branches_covered": 0.0, "percent_branches_covered_display": "0"}, "missing_lines": [208, 209, 210], "excluded_lines": [28, 29, 44, 45, 60, 61, 84, 85, 102, 103, 123, 124, 142, 143, 162, 163, 182, 183, 200, 201, 231, 232], "executed_branches": [], "missing_branches": [[208, 209], [208, 210]], "functions": {"Book.__str__": {"executed_lines": [], "summary": {"covered_lines": 0, "num_statements": 0, "percent_covered": 100.0, "percent_covered_display": "100", "missing_lines": 0, "excluded_lines": 1, "percent_statements_covered": 100.0, "percent_statements_covered_display": "100", "num_branches": 0, "num_partial_branches": 0, "covered_branches": 0, "missing_branches": 0, "percent_branches_covered": 100.0, "percent_branches_covered_display": "100"}, "missing_lines": [], "excluded_lines": [29], "start_line": 28, "executed_branches": [], "missing_branches": []}, "Bookauthor.__str__": {"executed_lines": [], "summary": {"covered_lines": 0, "num_statements": 0, "percent_covered": 100.0, "percent_covered_display": "100", "missing_lines": 0, "excluded_lines": 1, "percent_statements_covered": 100.0, "percent_statements_covered_display": "100", "num_branches": 0, "num_partial_branches": 0, "covered_branches": 0, "missing_branches": 0, "percent_branches_covered": 100.0, "percent_branches_covered_display": "100"}, "missing_lines": [], "excluded_lines": [45], "start_line": 44, "executed_branches": [], "missing_branches": []}, "Creditlevel.__str__": {"executed_lines": [], "summary": {"covered_lines": 0, "num_statements": 0, "percent_covered": 100.0, "percent_covered_display": "100", "missing_lines": 0, "excluded_lines": 1, "percent_statements_covered": 100.0, "percent_statements_covered_display": "100", "num_branches": 0, "num_partial_branches": 0, "covered_branches": 0, "missing_branches": 0, "percent_branches_covered": 100.0, "percent_branches_covered_display": "100"}, "missing_lines": [], "excluded_lines": [61], "start_line": 60, "executed_branches": [], "missing_branches": []}, "Customer.__str__": {"executed_lines": [], "summary": {"covered_lines": 0, "num_statements": 0, "percent_covered": 100.0, "percent_covered_display": "100", "missing_lines": 0, "excluded_lines": 1, "percent_statements_covered": 100.0, "percent_statements_covered_display": "100", "num_branches": 0, "num_partial_branches": 0, "covered_branches": 0, "missing_branches": 0, "percent_branches_covered": 100.0, "percent_branches_covered_display": "100"}, "missing_lines": [], "excluded_lines": [85], "start_line": 84, "executed_branches": [], "missing_branches": []}, "Orderdetail.__str__": {"executed_lines": [], "summary": {"covered_lines": 0, "num_statements": 0, "percent_covered": 100.0, "percent_covered_display": "100", "missing_lines": 0, "excluded_lines": 1, "percent_statements_covered": 100.0, "percent_statements_covered_display": "100", "num_branches": 0, "num_partial_branches": 0, "covered_branches": 0, "missing_branches": 0, "percent_branches_covered": 100.0, "percent_branches_covered_display": "100"}, "missing_lines": [], "excluded_lines": [103], "start_line": 102, "executed_branches": [], "missing_branches": []}, "Orders.__str__": {"executed_lines": [], "summary": {"covered_lines": 0, "num_statements": 0, "percent_covered": 100.0, "percent_covered_display": "100", "missing_lines": 0, "excluded_lines": 1, "percent_statements_covered": 100.0, "percent_statements_covered_display": "100", "num_branches": 0, "num_partial_branches": 0, "covered_branches": 0, "missing_branches": 0, "percent_branches_covered": 100.0, "percent_branches_covered_display": "100"}, "missing_lines": [], "excluded_lines": [124], "start_line": 123, "executed_branches": [], "missing_branches": []}, "Procurement.__str__": {"executed_lines": [], "summary": {"covered_lines": 0, "num_statements": 0, "percent_covered": 100.0, "percent_covered_display": "100", "missing_lines": 0, "excluded_lines": 1, "percent_statements_covered": 100.0, "percent_statements_covered_display": "100", "num_branches": 0, "num_partial_branches": 0, "covered_branches": 0, "missing_branches": 0, "percent_branches_covered": 100.0, "percent_branches_covered_display": "100"}, "missing_lines": [], "excluded_lines": [143], "start_line": 142, "executed_branches": [], "missing_branches": []}, "Procurementdetail.__str__": {"executed_lines": [], "summary": {"covered_lines": 0, "num_statements": 0, "percent_covered": 100.0, "percent_covered_display": "100", "missing_lines": 0, "excluded_lines": 1, "percent_statements_covered": 100.0, "percent_statements_covered_display": "100", "num_branches": 0, "num_partial_branches": 0, "covered_branches": 0, "missing_branches": 0, "percent_branches_covered": 100.0, "percent_branches_covered_display": "100"}, "missing_lines": [], "excluded_lines": [163], "start_line": 162, "executed_branches": [], "missing_branches": []}, "Shortagerecord.__str__": {"executed_lines": [], "summary": {"covered_lines": 0, "num_statements": 0, "percent_covered": 100.0, "percent_covered_display": "100", "missing_lines": 0, "excluded_lines": 1, "percent_statements_covered": 100.0, "percent_statements_covered_display": "100", "num_branches": 0, "num_partial_branches": 0, "covered_branches": 0, "missing_branches": 0, "percent_branches_covered": 100.0, "percent_branches_covered_display": "100"}, "missing_lines": [], "excluded_lines": [183], "start_line": 182, "executed_branches": [], "missing_branches": []}, "Supplier.__str__": {"executed_lines": [], "summary": {"covered_lines": 0, "num_statements": 0, "percent_covered": 100.0, "percent_covered_display": "100", "missing_lines": 0, "excluded_lines": 1, "percent_statements_covered": 100.0, "percent_statements_covered_display": "100", "num_branches": 0, "num_partial_branches": 0, "covered_branches": 0, "missing_branches": 0, "percent_branches_covered": 100.0, "percent_branches_covered_display": "100"}, "missing_lines": [], "excluded_lines": [201], "start_line": 200, "executed_branches": [], "missing_branches": []}, "SupplierbookManager.get": {"executed_lines": [], "summary": {"covered_lines": 0, "num_statements": 3, "percent_covered": 0.0, "percent_covered_display": "0", "missing_lines": 3, "excluded_lines": 0, "percent_statements_covered": 0.0, "percent_statements_covered_display": "0", "num_branches": 2, "num_partial_branches": 0, "covered_branches": 0, "missing_branches": 2, "percent_branches_covered": 0.0, "percent_branches_covered_display": "0"}, "missing_lines": [208, 209, 210], "excluded_lines": [], "start_line": 206, "executed_branches": [], "missing_branches": [[208, 209], [208, 210]]}, "Supplierbook.__str__": {"executed_lines": [], "summary": {"covered_lines": 0, "num_statements": 0, "percent_covered": 100.0, "percent_covered_display": "100", "missing_lines": 0, "excluded_lines": 1, "percent_statements_covered": 100.0, "percent_statements_covered_display": "100", "num_branches": 0, "num_partial_branches": 0, "covered_branches": 0, "missing_branches": 0, "percent_branches_covered": 100.0, "percent_branches_covered_display": "100"}, "missing_lines": [], "excluded_lines": [232], "start_line": 231, "executed_branches": [], "missing_branches": []}, "": {"executed_lines": [8, 11, 12, 13, 14, 15, 16, 17, 18, 19, 20, 22, 23, 24, 25, 26, 32, 33, 34, 35, 36, 38, 39, 40, 41, 42, 48, 49, 50, 51, 52, 54, 55, 56, 57, 58, 64, 65, 66, 67, 68, 69, 70, 71, 72, 73, 74, 75, 76, 78, 79, 80, 81, 82, 88, 89, 90, 91, 92, 93, 94, 96, 97, 98, 99, 100, 106, 107, 108, 109, 110, 111, 112, 113, 114, 115, 117, 118, 119, 120, 121, 127, 128, 129, 130, 131, 132, 133, 134, 136, 137, 138, 139, 140, 146, 147, 148, 149, 150, 151, 152, 153, 154, 156, 157, 158, 159, 160, 166, 167, 168, 169, 170, 171, 172, 173, 174, 176, 177, 178, 179, 180, 186, 187, 188, 189, 190, 191, 192, 194, 195, 196, 197, 198, 204, 206, 213, 217, 218, 219, 220, 222, 224, 225, 226, 227, 228, 229], "summary": {"covered_lines": 148, "num_statements": 148, "percent_covered": 100.0, "percent_covered_display": "100", "missing_lines": 0, "excluded_lines": 11, "percent_statements_covered": 100.0, "percent_statements_covered_display": "100", "num_branches": 0, "num_partial_branches": 0, "covered_branches": 0, "missing_branches": 0, "percent_branches_covered": 100.0, "percent_branches_covered_display": "100"}, "missing_lines": [], "excluded_lines": [28, 44, 60, 84, 102, 123, 142, 162, 182, 200, 231], "start_line": 1, "executed_branches": [], "missing_branches": []}}, "classes": {"Book": {"executed_lines": [], "summary": {"covered_lines": 0, "num_statements": 0, "percent_covered": 100.0, "percent_covered_display": "100", "missing_lines": 0, "excluded_lines": 1, "percent_statements_covered": 100.0, "percent_statements_covered_display": "100", "num_branches": 0, "num_partial_branches": 0, "covered_branches": 0, "missing_branches": 0, "percent_branches_covered": 100.0, "percent_branches_covered_display": "100"}, "missing_lines": [], "excluded_lines": [29], "start_line": 11, "executed_branches": [], "missing_branches": []}, "Book.Meta": {"executed_lines": [], "summary": {"covered_lines": 0, "num_statements": 0, "percent_covered": 100.0, "percent_covered_display": "100", "missing_lines": 0, "excluded_lines": 0, "percent_statements_covered": 100.0, "percent_statements_covered_display": "100", "num_branches": 0, "num_partial_branches": 0, "covered_branches": 0, "missing_branches": 0, "percent_branches_covered": 100.0, "percent_branches_covered_display": "100"}, "missing_lines": [], "excluded_lines": [], "start_line": 22, "executed_branches": [], "missing_branches": []}, "Bookauthor": {"executed_lines": [], "summary": {"covered_lines": 0, "num_statements": 0, "percent_covered": 100.0, "percent_covered_display": "100", "missing_lines": 0, "excluded_lines": 1, "percent_statements_covered": 100.0, "percent_statements_covered_display": "100", "num_branches": 0, "num_partial_branches": 0, "covered_branches": 0, "missing_branches": 0, "percent_branches_covered": 100.0, "percent_branches_covered_display": "100"}, "missing_lines": [], "excluded_lines": [45], "start_line": 32, "executed_branches": [], "missing_branches": []}, "Bookauthor.Meta": {"executed_lines": [], "summary": {"covered_lines": 0, "num_statements": 0, "percent_covered": 100.0, "percent_covered_display": "100", "missing_lines": 0, "excluded_lines": 0, "percent_statements_covered": 100.0, "percent_statements_covered_display": "100", "num_branches": 0, "num_partial_branches": 0, "covered_branches": 0, "missing_branches": 0, "percent_branches_covered": 100.0, "percent_branches_covered_display": "100"}, "missing_lines": [], "excluded_lines": [], "start_line": 38, "executed_branches": [], "missing_branches": []}, "Creditlevel": {"executed_lines": [], "summary": {"covered_lines": 0, "num_statements": 0, "percent_covered": 100.0, "percent_covered_display": "100", "missing_lines": 0, "excluded_lines": 1, "percent_statements_covered": 100.0, "percent_statements_covered_display": "100", "num_branches": 0, "num_partial_branches": 0, "covered_branches": 0, "missing_branches": 0, "percent_branches_covered": 100.0, "percent_branches_covered_display": "100"}, "missing_lines": [], "excluded_lines": [61], "start_line": 48, "executed_branches": [], "missing_branches": []}, "Creditlevel.Meta": {"executed_lines": [], "summary": {"covered_lines": 0, "num_statements": 0, "percent_covered": 100.0, "percent_covered_display": "100", "missing_lines": 0, "excluded_lines": 0, "percent_statements_covered": 100.0, "percent_statements_covered_display": "100", "num_branches": 0, "num_partial_branches": 0, "covered_branches": 0, "missing_branches": 0, "percent_branches_covered": 100.0, "percent_branches_covered_display": "100"}, "missing_lines": [], "excluded_lines": [], "start_line": 54, "executed_branches": [], "missing_branches": []}, "Customer": {"executed_lines": [], "summary": {"covered_lines": 0, "num_statements": 0, "percent_covered": 100.0, "percent_covered_display": "100", "missing_lines": 0, "excluded_lines": 1, "percent_statements_covered": 100.0, "percent_statements_covered_display": "100", "num_branches": 0, "num_partial_branches": 0, "covered_branches": 0, "missing_branches": 0, "percent_branches_covered": 100.0, "percent_branches_covered_display": "100"}, "missing_lines": [], "excluded_lines": [85], "start_line": 64, "executed_branches": [], "missing_branches": []}, "Customer.Meta": {"executed_lines": [], "summary": {"covered_lines": 0, "num_statements": 0, "percent_covered": 100.0, "percent_covered_display": "100", "missing_lines": 0, "excluded_lines": 0, "percent_statements_covered": 100.0, "percent_statements_covered_display": "100", "num_branches": 0, "num_partial_branches": 0, "covered_branches": 0, "missing_branches": 0, "percent_branches_covered": 100.0, "percent_branches_covered_display": "100"}, "missing_lines": [], "excluded_lines": [], "start_line": 78, "executed_branches": [], "missing_branches": []}, "Orderdetail": {"executed_lines": [], "summary": {"covered_lines": 0, "num_statements": 0, "percent_covered": 100.0, "percent_covered_display": "100", "missing_lines": 0, "excluded_lines": 1, "percent_statements_covered": 100.0, "percent_statements_covered_display": "100", "num_branches": 0, "num_partial_branches": 0, "covered_branches": 0, "missing_branches": 0, "percent_branches_covered": 100.0, "percent_branches_covered_display": "100"}, "missing_lines": [], "excluded_lines": [103], "start_line": 88, "executed_branches": [], "missing_branches": []}, "Orderdetail.Meta": {"executed_lines": [], "summary": {"covered_lines": 0, "num_statements": 0, "percent_covered": 100.0, "percent_covered_display": "100", "missing_lines": 0, "excluded_lines": 0, "percent_statements_covered": 100.0, "percent_statements_covered_display": "100", "num_branches": 0, "num_partial_branches": 0, "covered_branches": 0, "missing_branches": 0, "percent_branches_covered": 100.0, "percent_branches_covered_display": "100"}, "missing_lines": [], "excluded_lines": [], "start_line": 96, "executed_branches": [], "missing_branches": []}, "Orders": {"executed_lines": [], "summary": {"covered_lines": 0, "num_statements": 0, "percent_covered": 100.0, "percent_covered_display": "100", "missing_lines": 0, "excluded_lines": 1, "percent_statements_covered": 100.0, "percent_statements_covered_display": "100", "num_branches": 0, "num_partial_branches": 0, "covered_branches": 0, "missing_branches": 0, "percent_branches_covered": 100.0, "percent_branches_covered_display": "100"}, "missing_lines": [], "excluded_lines": [124], "start_line": 106, "executed_branches": [], "missing_branches": []}, "Orders.Meta": {"executed_lines": [], "summary": {"covered_lines": 0, "num_statements": 0, "percent_covered": 100.0, "percent_covered_display": "100", "missing_lines": 0, "excluded_lines": 0, "percent_statements_covered": 100.0, "percent_statements_covered_display": "100", "num_branches": 0, "num_partial_branches": 0, "covered_branches": 0, "missing_branches": 0, "percent_branches_covered": 100.0, "percent_branches_covered_display": "100"}, "missing_lines": [], "excluded_lines": [], "start_line": 117, "executed_branches": [], "missing_branches": []}, "Procurement": {"executed_lines": [], "summary": {"covered_lines": 0, "num_statements": 0, "percent_covered": 100.0, "percent_covered_display": "100", "missing_lines": 0, "excluded_lines": 1, "percent_statements_covered": 100.0, "percent_statements_covered_display": "100", "num_branches": 0, "num_partial_branches": 0, "covered_branches": 0, "missing_branches": 0, "percent_branches_covered": 100.0, "percent_branches_covered_display": "100"}, "missing_lines": [], "excluded_lines": [143], "start_line": 127, "executed_branches": [], "missing_branches": []}, "Procurement.Meta": {"executed_lines": [], "summary": {"covered_lines": 0, "num_statements": 0, "percent_covered": 100.0, "percent_covered_display": "100", "missing_lines": 0, "excluded_lines": 0, "percent_statements_covered": 100.0, "percent_statements_covered_display": "100", "num_branches": 0, "num_partial_branches": 0, "covered_branches": 0, "missing_branches": 0, "percent_branches_covered": 100.0, "percent_branches_covered_display": "100"}, "missing_lines": [], "excluded_lines": [], "start_line": 136, "executed_branches": [], "missing_branches": []}, "Procurementdetail": {"executed_lines": [], "summary": {"covered_lines": 0, "num_statements": 0, "percent_covered": 100.0, "percent_covered_display": "100", "missing_lines": 0, "excluded_lines": 1, "percent_statements_covered": 100.0, "percent_statements_covered_display": "100", "num_branches": 0, "num_partial_branches": 0, "covered_branches": 0, "missing_branches": 0, "percent_branches_covered": 100.0, "percent_branches_covered_display": "100"}, "missing_lines": [], "excluded_lines": [163], "start_line": 146, "executed_branches": [], "missing_branches": []}, "Procurementdetail.Meta": {"executed_lines": [], "summary": {"covered_lines": 0, "num_statements": 0, "percent_covered": 100.0, "percent_covered_display": "100", "missing_lines": 0, "excluded_lines": 0, "percent_statements_covered": 100.0, "percent_statements_covered_display": "100", "num_branches": 0, "num_partial_branches": 0, "covered_branches": 0, "missing_branches": 0, "percent_branches_covered": 100.0, "percent_branches_covered_display": "100"}, "missing_lines": [], "excluded_lines": [], "start_line": 156, "executed_branches": [], "missing_branches": []}, "Shortagerecord": {"executed_lines": [], "summary": {"covered_lines": 0, "num_statements": 0, "percent_covered": 100.0, "percent_covered_display": "100", "missing_lines": 0, "excluded_lines": 1, "percent_statements_covered": 100.0, "percent_statements_covered_display": "100", "num_branches": 0, "num_partial_branches": 0, "covered_branches": 0, "missing_branches": 0, "percent_branches_covered": 100.0, "percent_branches_covered_display": "100"}, "missing_lines": [], "excluded_lines": [183], "start_line": 166, "executed_branches": [], "missing_branches": []}, "Shortagerecord.Meta": {"executed_lines": [], "summary": {"covered_lines": 0, "num_statements": 0, "percent_covered": 100.0, "percent_covered_display": "100", "missing_lines": 0, "excluded_lines": 0, "percent_statements_covered": 100.0, "percent_statements_covered_display": "100", "num_branches": 0, "num_partial_branches": 0, "covered_branches": 0, "missing_branches": 0, "percent_branches_covered": 100.0, "percent_branches_covered_display": "100"}, "missing_lines": [], "excluded_lines": [], "start_line": 176, "executed_branches": [], "missing_branches": []}, "Supplier": {"executed_lines": [], "summary": {"covered_lines": 0, "num_statements": 0, "percent_covered": 100.0, "percent_covered_display": "100", "missing_lines": 0, "excluded_lines": 1, "percent_statements_covered": 100.0, "percent_statements_covered_display": "100", "num_branches": 0, "num_partial_branches": 0, "covered_branches": 0, "missing_branches": 0, "percent_branches_covered": 100.0, "percent_branches_covered_display": "100"}, "missing_lines": [], "excluded_lines": [201], "start_line": 186, "executed_branches": [], "missing_branches": []}, "Supplier.Meta": {"executed_lines": [], "summary": {"covered_lines": 0, "num_statements": 0, "percent_covered": 100.0, "percent_covered_display": "100", "missing_lines": 0, "excluded_lines": 0, "percent_statements_covered": 100.0, "percent_statements_covered_display": "100", "num_branches": 0, "num_partial_branches": 0, "covered_branches": 0, "missing_branches": 0, "percent_branches_covered": 100.0, "percent_branches_covered_display": "100"}, "missing_lines": [], "excluded_lines": [], "start_line": 194, "executed_branches": [], "missing_branches": []}, "SupplierbookManager": {"executed_lines": [], "summary": {"covered_lines": 0, "num_statements": 3, "percent_covered": 0.0, "percent_covered_display": "0", "missing_lines": 3, "excluded_lines": 0, "percent_statements_covered": 0.0, "percent_statements_covered_display": "0", "num_branches": 2, "num_partial_branches": 0, "covered_branches": 0, "missing_branches": 2, "percent_branches_covered": 0.0, "percent_branches_covered_display": "0"}, "missing_lines": [208, 209, 210], "excluded_lines": [], "start_line": 204, "executed_branches": [], "missing_branches": [[208, 209], [208, 210]]}, "Supplierbook": {"executed_lines": [], "summary": {"covered_lines": 0, "num_statements": 0, "percent_covered": 100.0, "percent_covered_display": "100", "missing_lines": 0, "excluded_lines": 1, "percent_statements_covered": 100.0, "percent_statements_covered_display": "100", "num_branches": 0, "num_partial_branches": 0, "covered_branches": 0, "missing_branches": 0, "percent_branches_covered": 100.0, "percent_branches_covered_display": "100"}, "missing_lines": [], "excluded_lines": [232], "start_line": 213, "executed_branches": [], "missing_branches": []}, "Supplierbook.Meta": {"executed_lines": [], "summary": {"covered_lines": 0, "num_statements": 0, "percent_covered": 100.0, "percent_covered_display": "100", "missing_lines": 0, "excluded_lines": 0, "percent_statements_covered": 100.0, "percent_statements_covered_display": "100", "num_branches": 0, "num_partial_branches": 0, "covered_branches": 0, "missing_branches": 0, "percent_branches_covered": 100.0, "percent_branches_covered_display": "100"}, "missing_lines": [], "excluded_lines": [], "start_line": 224, "executed_branches": [], "missing_branches": []}, "": {"executed_lines": [8, 11, 12, 13, 14, 15, 16, 17, 18, 19, 20, 22, 23, 24, 25, 26, 32, 33, 34, 35, 36, 38, 39, 40, 41, 42, 48, 49, 50, 51, 52, 54, 55, 56, 57, 58, 64, 65, 66, 67, 68, 69, 70, 71, 72, 73, 74, 75, 76, 78, 79, 80, 81, 82, 88, 89, 90, 91, 92, 93, 94, 96, 97, 98, 99, 100, 106, 107, 108, 109, 110, 111, 112, 113, 114, 115, 117, 118, 119, 120, 121, 127, 128, 129, 130, 131, 132, 133, 134, 136, 137, 138, 139, 140, 146, 147, 148, 149, 150, 151, 152, 153, 154, 156, 157, 158, 159, 160, 166, 167, 168, 169, 170, 171, 172, 173, 174, 176, 177, 178, 179, 180, 186, 187, 188, 189, 190, 191, 192, 194, 195, 196, 197, 198, 204, 206, 213, 217, 218, 219, 220, 222, 224, 225, 226, 227, 228, 229], "summary": {"covered_lines": 148, "num_statements": 148, "percent_covered": 100.0, "percent_covered_display": "100", "missing_lines": 0, "excluded_lines": 11, "percent_statements_covered": 100.0, "percent_statements_covered_display": "100", "num_branches": 0, "num_partial_branches": 0, "covered_branches": 0, "missing_branches": 0, "percent_branches_covered": 100.0, "percent_branches_covered_display": "100"}, "missing_lines": [], "excluded_lines": [28, 44, 60, 84, 102, 123, 142, 162, 182, 200, 231], "start_line": 1, "executed_branches": [], "missing_branches": []}}}, "bookstore\\signals.py": {"executed_lines": [1, 2, 4, 5, 6, 7, 8, 10, 18, 19, 20, 23, 24, 109, 110, 113, 116, 215, 225, 226, 228, 230, 232, 233, 234, 237, 240, 242, 243, 244, 245, 246, 251, 257, 258, 259, 262, 263, 264, 266, 267, 271, 274, 275, 276, 279, 281, 283, 286, 291, 294, 295, 302, 303, 306, 307, 310, 311, 313, 314, 315, 318, 319, 320, 321, 322, 323, 326, 327, 328, 329, 332, 334, 335, 336], "summary": {"covered_lines": 75, "num_statements": 173, "percent_covered": 40.35874439461883, "percent_covered_display": "40", "missing_lines": 98, "excluded_lines": 0, "percent_statements_covered": 43.35260115606936, "percent_statements_covered_display": "43", "num_branches": 50, "num_partial_branches": 5, "covered_branches": 15, "missing_branches": 35, "percent_branches_covered": 30.0, "percent_branches_covered_display": "30"}, "missing_lines": [32, 33, 34, 37, 38, 40, 42, 47, 49, 51, 52, 55, 56, 62, 65, 66, 67, 68, 69, 70, 71, 72, 73, 74, 76, 86, 87, 89, 100, 103, 105, 106, 128, 129, 131, 132, 134, 135, 136, 137, 140, 141, 142, 145, 146, 147, 150, 154, 155, 157, 161, 163, 164, 165, 166, 167, 170, 171, 174, 177, 178, 179, 182, 183, 184, 185, 186, 188, 191, 192, 193, 194, 196, 199, 200, 201, 202, 203, 204, 206, 229, 231, 235, 247, 248, 287, 288, 296, 297, 298, 299, 300, 337, 338, 340, 341, 342, 343], "excluded_lines": [], "executed_branches": [[228, 230], [230, 232], [232, 233], [232, 234], [234, 237], [242, 243], [242, 244], [274, 275], [274, 306], [279, 281], [279, 286], [286, 291], [295, 302], [306, -251], [306, 307]], "missing_branches": [[33, 34], [33, 37], [37, 38], [37, 40], [47, 49], [47, 51], [62, 65], [62, 86], [66, 67], [66, 73], [69, 66], [69, 70], [87, 89], [87, 100], [140, 141], [140, 161], [141, 142], [141, 145], [145, 146], [145, 150], [161, 163], [161, 170], [170, 171], [170, 174], [177, 178], [177, 182], [192, 193], [192, 196], [203, 204], [203, 206], [228, 229], [230, 231], [234, 235], [286, 287], [295, 296]], "functions": {"handle_shortagerecord_post_save": {"executed_lines": [], "summary": {"covered_lines": 0, "num_statements": 32, "percent_covered": 0.0, "percent_covered_display": "0", "missing_lines": 32, "excluded_lines": 0, "percent_statements_covered": 0.0, "percent_statements_covered_display": "0", "num_branches": 14, "num_partial_branches": 0, "covered_branches": 0, "missing_branches": 14, "percent_branches_covered": 0.0, "percent_branches_covered_display": "0"}, "missing_lines": [32, 33, 34, 37, 38, 40, 42, 47, 49, 51, 52, 55, 56, 62, 65, 66, 67, 68, 69, 70, 71, 72, 73, 74, 76, 86, 87, 89, 100, 103, 105, 106], "excluded_lines": [], "start_line": 24, "executed_branches": [], "missing_branches": [[33, 34], [33, 37], [37, 38], [37, 40], [47, 49], [47, 51], [62, 65], [62, 86], [66, 67], [66, 73], [69, 66], [69, 70], [87, 89], [87, 100]]}, "process_payment": {"executed_lines": [], "summary": {"covered_lines": 0, "num_statements": 48, "percent_covered": 0.0, "percent_covered_display": "0", "missing_lines": 48, "excluded_lines": 0, "percent_statements_covered": 0.0, "percent_statements_covered_display": "0", "num_branches": 16, "num_partial_branches": 0, "covered_branches": 0, "missing_branches": 16, "percent_branches_covered": 0.0, "percent_branches_covered_display": "0"}, "missing_lines": [128, 129, 131, 132, 134, 135, 136, 137, 140, 141, 142, 145, 146, 147, 150, 154, 155, 157, 161, 163, 164, 165, 166, 167, 170, 171, 174, 177, 178, 179, 182, 183, 184, 185, 186, 188, 191, 192, 193, 194, 196, 199, 200, 201, 202, 203, 204, 206], "excluded_lines": [], "start_line": 116, "executed_branches": [], "missing_branches": [[140, 141], [140, 161], [141, 142], [141, 145], [145, 146], [145, 150], [161, 163], [161, 170], [170, 171], [170, 174], [177, 178], [177, 182], [192, 193], [192, 196], [203, 204], [203, 206]]}, "_calculate_credit_level": {"executed_lines": [225, 226, 228, 230, 232, 233, 234, 237], "summary": {"covered_lines": 8, "num_statements": 11, "percent_covered": 68.42105263157895, "percent_covered_display": "68", "missing_lines": 3, "excluded_lines": 0, "percent_statements_covered": 72.72727272727273, "percent_statements_covered_display": "73", "num_branches": 8, "num_partial_branches": 3, "covered_branches": 5, "missing_branches": 3, "percent_branches_covered": 62.5, "percent_branches_covered_display": "62"}, "missing_lines": [229, 231, 235], "excluded_lines": [], "start_line": 215, "executed_branches": [[228, 230], [230, 232], [232, 233], [232, 234], [234, 237]], "missing_branches": [[228, 229], [230, 231], [234, 235]]}, "_get_old_order_values": {"executed_lines": [242, 243, 244, 245, 246], "summary": {"covered_lines": 5, "num_statements": 7, "percent_covered": 77.77777777777777, "percent_covered_display": "78", "missing_lines": 2, "excluded_lines": 0, "percent_statements_covered": 71.42857142857143, "percent_statements_covered_display": "71", "num_branches": 2, "num_partial_branches": 0, "covered_branches": 2, "missing_branches": 0, "percent_branches_covered": 100.0, "percent_branches_covered_display": "100"}, "missing_lines": [247, 248], "excluded_lines": [], "start_line": 240, "executed_branches": [[242, 243], [242, 244]], "missing_branches": []}, "_handle_deduct_or_refund": {"executed_lines": [257, 258, 259, 262, 263, 264, 266, 267, 271, 274, 275, 276, 279, 281, 283, 286, 291, 294, 295, 302, 303, 306, 307], "summary": {"covered_lines": 23, "num_statements": 30, "percent_covered": 77.5, "percent_covered_display": "78", "missing_lines": 7, "excluded_lines": 0, "percent_statements_covered": 76.66666666666667, "percent_statements_covered_display": "77", "num_branches": 10, "num_partial_branches": 2, "covered_branches": 8, "missing_branches": 2, "percent_branches_covered": 80.0, "percent_branches_covered_display": "80"}, "missing_lines": [287, 288, 296, 297, 298, 299, 300], "excluded_lines": [], "start_line": 251, "executed_branches": [[274, 275], [274, 306], [279, 281], [279, 286], [286, 291], [295, 302], [306, -251], [306, 307]], "missing_branches": [[286, 287], [295, 296]]}, "orders_capture_old": {"executed_lines": [313, 314, 315, 318, 319, 320, 321, 322, 323], "summary": {"covered_lines": 9, "num_statements": 9, "percent_covered": 100.0, "percent_covered_display": "100", "missing_lines": 0, "excluded_lines": 0, "percent_statements_covered": 100.0, "percent_statements_covered_display": "100", "num_branches": 0, "num_partial_branches": 0, "covered_branches": 0, "missing_branches": 0, "percent_branches_covered": 100.0, "percent_branches_covered_display": "100"}, "missing_lines": [], "excluded_lines": [], "start_line": 311, "executed_branches": [], "missing_branches": []}, "orders_post_save": {"executed_lines": [328, 329, 332, 334, 335, 336], "summary": {"covered_lines": 6, "num_statements": 12, "percent_covered": 50.0, "percent_covered_display": "50", "missing_lines": 6, "excluded_lines": 0, "percent_statements_covered": 50.0, "percent_statements_covered_display": "50", "num_branches": 0, "num_partial_branches": 0, "covered_branches": 0, "missing_branches": 0, "percent_branches_covered": 100.0, "percent_branches_covered_display": "100"}, "missing_lines": [337, 338, 340, 341, 342, 343], "excluded_lines": [], "start_line": 327, "executed_branches": [], "missing_branches": []}, "": {"executed_lines": [1, 2, 4, 5, 6, 7, 8, 10, 18, 19, 20, 23, 24, 109, 110, 113, 116, 215, 240, 251, 310, 311, 326, 327], "summary": {"covered_lines": 24, "num_statements": 24, "percent_covered": 100.0, "percent_covered_display": "100", "missing_lines": 0, "excluded_lines": 0, "percent_statements_covered": 100.0, "percent_statements_covered_display": "100", "num_branches": 0, "num_partial_branches": 0, "covered_branches": 0, "missing_branches": 0, "percent_branches_covered": 100.0, "percent_branches_covered_display": "100"}, "missing_lines": [], "excluded_lines": [], "start_line": 1, "executed_branches": [], "missing_branches": []}}, "classes": {"": {"executed_lines": [1, 2, 4, 5, 6, 7, 8, 10, 18, 19, 20, 23, 24, 109, 110, 113, 116, 215, 225, 226, 228, 230, 232, 233, 234, 237, 240, 242, 243, 244, 245, 246, 251, 257, 258, 259, 262, 263, 264, 266, 267, 271, 274, 275, 276, 279, 281, 283, 286, 291, 294, 295, 302, 303, 306, 307, 310, 311, 313, 314, 315, 318, 319, 320, 321, 322, 323, 326, 327, 328, 329, 332, 334, 335, 336], "summary": {"covered_lines": 75, "num_statements": 173, "percent_covered": 40.35874439461883, "percent_covered_display": "40", "missing_lines": 98, "excluded_lines": 0, "percent_statements_covered": 43.35260115606936, "percent_statements_covered_display": "43", "num_branches": 50, "num_partial_branches": 5, "covered_branches": 15, "missing_branches": 35, "percent_branches_covered": 30.0, "percent_branches_covered_display": "30"}, "missing_lines": [32, 33, 34, 37, 38, 40, 42, 47, 49, 51, 52, 55, 56, 62, 65, 66, 67, 68, 69, 70, 71, 72, 73, 74, 76, 86, 87, 89, 100, 103, 105, 106, 128, 129, 131, 132, 134, 135, 136, 137, 140, 141, 142, 145, 146, 147, 150, 154, 155, 157, 161, 163, 164, 165, 166, 167, 170, 171, 174, 177, 178, 179, 182, 183, 184, 185, 186, 188, 191, 192, 193, 194, 196, 199, 200, 201, 202, 203, 204, 206, 229, 231, 235, 247, 248, 287, 288, 296, 297, 298, 299, 300, 337, 338, 340, 341, 342, 343], "excluded_lines": [], "start_line": 1, "executed_branches": [[228, 230], [230, 232], [232, 233], [232, 234], [234, 237], [242, 243], [242, 244], [274, 275], [274, 306], [279, 281], [279, 286], [286, 291], [295, 302], [306, -251], [306, 307]], "missing_branches": [[33, 34], [33, 37], [37, 38], [37, 40], [47, 49], [47, 51], [62, 65], [62, 86], [66, 67], [66, 73], [69, 66], [69, 70], [87, 89], [87, 100], [140, 141], [140, 161], [141, 142], [141, 145], [145, 146], [145, 150], [161, 163], [161, 170], [170, 171], [170, 174], [177, 178], [177, 182], [192, 193], [192, 196], [203, 204], [203, 206], [228, 229], [230, 231], [234, 235], [286, 287], [295, 296]]}}}, "bookstore\\urls.py": {"executed_lines": [1, 2, 4, 6], "summary": {"covered_lines": 4, "num_statements": 4, "percent_covered": 100.0, "percent_covered_display": "100", "missing_lines": 0, "excluded_lines": 0, "percent_statements_covered": 100.0, "percent_statements_covered_display": "100", "num_branches": 0, "num_partial_branches": 0, "covered_branches": 0, "missing_branches": 0, "percent_branches_covered": 100.0, "percent_branches_covered_display": "100"}, "missing_lines": [], "excluded_lines": [], "executed_branches": [], "missing_branches": [], "functions": {"": {"executed_lines": [1, 2, 4, 6], "summary": {"covered_lines": 4, "num_statements": 4, "percent_covered": 100.0, "percent_covered_display": "100", "missing_lines": 0, "excluded_lines": 0, "percent_statements_covered": 100.0, "percent_statements_covered_display": "100", "num_branches": 0, "num_partial_branches": 0, "covered_branches": 0, "missing_branches": 0, "percent_branches_covered": 100.0, "percent_branches_covered_display": "100"}, "missing_lines": [], "excluded_lines": [], "start_line": 1, "executed_branches": [], "missing_branches": []}}, "classes": {"": {"executed_lines": [1, 2, 4, 6], "summary": {"covered_lines": 4, "num_statements": 4, "percent_covered": 100.0, "percent_covered_display": "100", "missing_lines": 0, "excluded_lines": 0, "percent_statements_covered": 100.0, "percent_statements_covered_display": "100", "num_branches": 0, "num_partial_branches": 0, "covered_branches": 0, "missing_branches": 0, "percent_branches_covered": 100.0, "percent_branches_covered_display": "100"}, "missing_lines": [], "excluded_lines": [], "start_line": 1, "executed_branches": [], "missing_branches": []}}}, "bookstore\\views.py": {"executed_lines": [1, 2, 3, 4, 5, 6, 7, 9, 10, 11, 14, 32, 95, 102, 103, 104, 105, 106, 107, 108, 109, 112, 116, 119, 120, 121, 122, 123, 126, 127, 128, 131, 134, 192, 239, 248, 249, 251, 252, 253, 255, 256, 257, 258, 261, 262, 263, 264, 265, 266, 267, 269, 271, 272, 273, 274, 276, 279, 280, 281, 283, 285, 286, 288, 289, 290, 291, 292, 293, 294, 295, 297, 298, 299, 300, 301, 302, 303, 306, 307, 308, 309, 310, 311, 312, 313, 315, 316, 317, 318, 319, 322, 323, 324, 326, 327, 329, 330, 334, 335, 336, 337, 338, 339, 340, 341, 342, 343, 350, 351, 352, 353, 354, 355, 362, 363, 365, 375, 376, 377, 378, 379, 380, 382, 383, 384, 386, 387, 390, 391, 392, 395, 396, 397, 399, 401, 404, 406, 408, 411, 414, 416, 428, 429, 430, 431, 433, 440, 443, 444, 446, 448, 451, 452, 456, 457, 458, 459, 463, 465, 466, 468, 469, 470, 471, 472, 475, 476, 477, 478, 481, 482, 483, 484, 488, 489, 491, 492, 493, 494, 495, 498, 499, 500, 501, 504, 505, 506, 507, 511, 512, 513, 514, 515, 516, 517, 518, 519, 526, 527, 529, 539, 540, 541, 542, 545, 546, 547, 548, 549, 555, 561, 562, 563, 564, 565, 568, 569, 570, 571, 574, 575, 576, 577, 578, 584, 599, 600, 653, 654, 706, 707, 775, 776, 832, 833, 835, 836, 839, 840, 841, 843, 844, 845, 847, 848, 849, 851, 852, 854, 855, 857, 858, 860, 863, 864, 866, 867, 869, 870, 871, 873, 874, 875, 876, 877, 879], "summary": {"covered_lines": 267, "num_statements": 509, "percent_covered": 50.23041474654378, "percent_covered_display": "50", "missing_lines": 242, "excluded_lines": 0, "percent_statements_covered": 52.45579567779961, "percent_statements_covered_display": "52", "num_branches": 142, "num_partial_branches": 4, "covered_branches": 60, "missing_branches": 82, "percent_branches_covered": 42.25352112676056, "percent_branches_covered_display": "42"}, "missing_lines": [15, 16, 17, 19, 20, 22, 23, 24, 25, 26, 27, 29, 33, 34, 35, 36, 37, 38, 39, 42, 43, 44, 46, 47, 48, 50, 51, 52, 55, 56, 57, 60, 61, 62, 64, 65, 67, 82, 83, 85, 86, 88, 89, 90, 92, 96, 97, 98, 99, 135, 138, 139, 140, 141, 155, 156, 157, 159, 160, 163, 164, 165, 166, 168, 170, 173, 176, 177, 178, 180, 183, 184, 185, 186, 187, 188, 190, 193, 196, 197, 212, 213, 214, 215, 216, 217, 218, 219, 220, 221, 222, 224, 226, 227, 228, 230, 231, 232, 233, 234, 235, 237, 240, 241, 242, 243, 246, 331, 332, 345, 347, 348, 349, 602, 604, 605, 606, 607, 608, 609, 610, 613, 614, 615, 618, 619, 620, 623, 624, 625, 626, 628, 629, 630, 632, 633, 634, 636, 639, 640, 641, 642, 645, 647, 648, 650, 656, 658, 659, 660, 661, 662, 664, 665, 666, 668, 669, 670, 671, 672, 673, 674, 677, 680, 681, 683, 691, 692, 693, 694, 695, 697, 699, 709, 711, 712, 713, 715, 716, 717, 720, 721, 722, 725, 731, 732, 735, 736, 739, 740, 741, 744, 745, 746, 747, 750, 753, 754, 755, 756, 757, 758, 759, 760, 765, 766, 770, 772, 778, 779, 781, 782, 783, 785, 786, 787, 789, 790, 791, 792, 795, 798, 799, 800, 803, 804, 805, 808, 809, 810, 811, 812, 813, 815, 818, 819, 820, 822, 823, 825, 827, 829], "excluded_lines": [], "executed_branches": [[105, 106], [105, 108], [126, 127], [126, 131], [127, 126], [127, 128], [261, 262], [261, 269], [264, 265], [264, 271], [280, 281], [280, 283], [288, 289], [288, 303], [292, 293], [292, 295], [295, 297], [297, 298], [297, 299], [309, 310], [309, 313], [326, 327], [326, 362], [336, 337], [336, 350], [340, 341], [342, 343], [378, 379], [378, 382], [386, 387], [386, 511], [395, 396], [395, 399], [429, 430], [429, 443], [448, 451], [463, 465], [463, 488], [468, 469], [468, 481], [491, 492], [491, 504], [513, 514], [513, 526], [546, 547], [546, 555], [575, 576], [575, 584], [839, 840], [839, 843], [843, 844], [843, 847], [847, 848], [847, 851], [851, 852], [851, 860], [869, 870], [869, 873], [873, 874], [873, 879]], "missing_branches": [[15, 16], [15, 29], [33, 34], [33, 92], [42, 43], [42, 46], [46, 47], [46, 50], [50, 51], [50, 55], [55, 56], [55, 60], [60, 61], [60, 64], [140, 141], [140, 183], [156, 157], [156, 159], [159, 160], [159, 180], [165, 166], [165, 176], [168, 170], [168, 173], [213, 214], [213, 215], [215, 216], [215, 230], [219, 220], [219, 226], [221, 222], [221, 224], [242, 243], [242, 246], [295, 300], [340, 347], [342, 345], [448, 463], [604, 605], [604, 650], [613, 614], [613, 618], [618, 619], [618, 623], [623, 624], [623, 639], [624, 625], [624, 628], [628, 629], [628, 632], [632, 633], [632, 636], [658, 659], [658, 677], [661, 662], [661, 664], [692, 693], [692, 697], [694, 695], [694, 699], [711, 712], [711, 772], [715, 716], [715, 720], [720, 721], [720, 725], [735, 736], [735, 750], [757, 758], [757, 765], [781, 782], [781, 785], [785, 786], [785, 789], [789, 790], [789, 829], [798, 799], [798, 803], [812, 813], [812, 815], [822, 823], [822, 825]], "functions": {"customer_login": {"executed_lines": [], "summary": {"covered_lines": 0, "num_statements": 12, "percent_covered": 0.0, "percent_covered_display": "0", "missing_lines": 12, "excluded_lines": 0, "percent_statements_covered": 0.0, "percent_statements_covered_display": "0", "num_branches": 2, "num_partial_branches": 0, "covered_branches": 0, "missing_branches": 2, "percent_branches_covered": 0.0, "percent_branches_covered_display": "0"}, "missing_lines": [15, 16, 17, 19, 20, 22, 23, 24, 25, 26, 27, 29], "excluded_lines": [], "start_line": 14, "executed_branches": [], "missing_branches": [[15, 16], [15, 29]]}, "customer_register": {"executed_lines": [], "summary": {"covered_lines": 0, "num_statements": 33, "percent_covered": 0.0, "percent_covered_display": "0", "missing_lines": 33, "excluded_lines": 0, "percent_statements_covered": 0.0, "percent_statements_covered_display": "0", "num_branches": 12, "num_partial_branches": 0, "covered_branches": 0, "missing_branches": 12, "percent_branches_covered": 0.0, "percent_branches_covered_display": "0"}, "missing_lines": [33, 34, 35, 36, 37, 38, 39, 42, 43, 44, 46, 47, 48, 50, 51, 52, 55, 56, 57, 60, 61, 62, 64, 65, 67, 82, 83, 85, 86, 88, 89, 90, 92], "excluded_lines": [], "start_line": 32, "executed_branches": [], "missing_branches": [[33, 34], [33, 92], [42, 43], [42, 46], [46, 47], [46, 50], [50, 51], [50, 55], [55, 56], [55, 60], [60, 61], [60, 64]]}, "customer_logout": {"executed_lines": [], "summary": {"covered_lines": 0, "num_statements": 4, "percent_covered": 0.0, "percent_covered_display": "0", "missing_lines": 4, "excluded_lines": 0, "percent_statements_covered": 0.0, "percent_statements_covered_display": "0", "num_branches": 0, "num_partial_branches": 0, "covered_branches": 0, "missing_branches": 0, "percent_branches_covered": 100.0, "percent_branches_covered_display": "100"}, "missing_lines": [96, 97, 98, 99], "excluded_lines": [], "start_line": 95, "executed_branches": [], "missing_branches": []}, "customer_required": {"executed_lines": [104, 109], "summary": {"covered_lines": 2, "num_statements": 2, "percent_covered": 100.0, "percent_covered_display": "100", "missing_lines": 0, "excluded_lines": 0, "percent_statements_covered": 100.0, "percent_statements_covered_display": "100", "num_branches": 0, "num_partial_branches": 0, "covered_branches": 0, "missing_branches": 0, "percent_branches_covered": 100.0, "percent_branches_covered_display": "100"}, "missing_lines": [], "excluded_lines": [], "start_line": 102, "executed_branches": [], "missing_branches": []}, "customer_required._wrapped_view": {"executed_lines": [105, 106, 107, 108], "summary": {"covered_lines": 4, "num_statements": 4, "percent_covered": 100.0, "percent_covered_display": "100", "missing_lines": 0, "excluded_lines": 0, "percent_statements_covered": 100.0, "percent_statements_covered_display": "100", "num_branches": 2, "num_partial_branches": 0, "covered_branches": 2, "missing_branches": 0, "percent_branches_covered": 100.0, "percent_branches_covered_display": "100"}, "missing_lines": [], "excluded_lines": [], "start_line": 104, "executed_branches": [[105, 106], [105, 108]], "missing_branches": []}, "get_book_cover_image": {"executed_lines": [116, 119, 120, 121, 122, 123, 126, 127, 128, 131], "summary": {"covered_lines": 10, "num_statements": 10, "percent_covered": 100.0, "percent_covered_display": "100", "missing_lines": 0, "excluded_lines": 0, "percent_statements_covered": 100.0, "percent_statements_covered_display": "100", "num_branches": 4, "num_partial_branches": 0, "covered_branches": 4, "missing_branches": 0, "percent_branches_covered": 100.0, "percent_branches_covered_display": "100"}, "missing_lines": [], "excluded_lines": [], "start_line": 112, "executed_branches": [[126, 127], [126, 131], [127, 126], [127, 128]], "missing_branches": []}, "index": {"executed_lines": [], "summary": {"covered_lines": 0, "num_statements": 28, "percent_covered": 0.0, "percent_covered_display": "0", "missing_lines": 28, "excluded_lines": 0, "percent_statements_covered": 0.0, "percent_statements_covered_display": "0", "num_branches": 10, "num_partial_branches": 0, "covered_branches": 0, "missing_branches": 10, "percent_branches_covered": 0.0, "percent_branches_covered_display": "0"}, "missing_lines": [135, 138, 139, 140, 141, 155, 156, 157, 159, 160, 163, 164, 165, 166, 168, 170, 173, 176, 177, 178, 180, 183, 184, 185, 186, 187, 188, 190], "excluded_lines": [], "start_line": 134, "executed_branches": [], "missing_branches": [[140, 141], [140, 183], [156, 157], [156, 159], [159, 160], [159, 180], [165, 166], [165, 176], [168, 170], [168, 173]]}, "book_detail": {"executed_lines": [], "summary": {"covered_lines": 0, "num_statements": 25, "percent_covered": 0.0, "percent_covered_display": "0", "missing_lines": 25, "excluded_lines": 0, "percent_statements_covered": 0.0, "percent_statements_covered_display": "0", "num_branches": 8, "num_partial_branches": 0, "covered_branches": 0, "missing_branches": 8, "percent_branches_covered": 0.0, "percent_branches_covered_display": "0"}, "missing_lines": [193, 196, 197, 212, 213, 214, 215, 216, 217, 218, 219, 220, 221, 222, 224, 226, 227, 228, 230, 231, 232, 233, 234, 235, 237], "excluded_lines": [], "start_line": 192, "executed_branches": [], "missing_branches": [[213, 214], [213, 215], [215, 216], [215, 230], [219, 220], [219, 226], [221, 222], [221, 224]]}, "search": {"executed_lines": [], "summary": {"covered_lines": 0, "num_statements": 5, "percent_covered": 0.0, "percent_covered_display": "0", "missing_lines": 5, "excluded_lines": 0, "percent_statements_covered": 0.0, "percent_statements_covered_display": "0", "num_branches": 2, "num_partial_branches": 0, "covered_branches": 0, "missing_branches": 2, "percent_branches_covered": 0.0, "percent_branches_covered_display": "0"}, "missing_lines": [240, 241, 242, 243, 246], "excluded_lines": [], "start_line": 239, "executed_branches": [], "missing_branches": [[242, 243], [242, 246]]}, "_get_cart": {"executed_lines": [249], "summary": {"covered_lines": 1, "num_statements": 1, "percent_covered": 100.0, "percent_covered_display": "100", "missing_lines": 0, "excluded_lines": 0, "percent_statements_covered": 100.0, "percent_statements_covered_display": "100", "num_branches": 0, "num_partial_branches": 0, "covered_branches": 0, "missing_branches": 0, "percent_branches_covered": 100.0, "percent_branches_covered_display": "100"}, "missing_lines": [], "excluded_lines": [], "start_line": 248, "executed_branches": [], "missing_branches": []}, "_save_cart": {"executed_lines": [252, 253], "summary": {"covered_lines": 2, "num_statements": 2, "percent_covered": 100.0, "percent_covered_display": "100", "missing_lines": 0, "excluded_lines": 0, "percent_statements_covered": 100.0, "percent_statements_covered_display": "100", "num_branches": 0, "num_partial_branches": 0, "covered_branches": 0, "missing_branches": 0, "percent_branches_covered": 100.0, "percent_branches_covered_display": "100"}, "missing_lines": [], "excluded_lines": [], "start_line": 251, "executed_branches": [], "missing_branches": []}, "cart_add": {"executed_lines": [257, 258, 261, 262, 263, 264, 265, 266, 267, 269, 271, 272, 273, 274, 276, 279, 280, 281, 283], "summary": {"covered_lines": 19, "num_statements": 19, "percent_covered": 100.0, "percent_covered_display": "100", "missing_lines": 0, "excluded_lines": 0, "percent_statements_covered": 100.0, "percent_statements_covered_display": "100", "num_branches": 6, "num_partial_branches": 0, "covered_branches": 6, "missing_branches": 0, "percent_branches_covered": 100.0, "percent_branches_covered_display": "100"}, "missing_lines": [], "excluded_lines": [], "start_line": 256, "executed_branches": [[261, 262], [261, 269], [264, 265], [264, 271], [280, 281], [280, 283]], "missing_branches": []}, "cart_update": {"executed_lines": [288, 289, 290, 291, 292, 293, 294, 295, 297, 298, 299, 300, 301, 302, 303], "summary": {"covered_lines": 15, "num_statements": 15, "percent_covered": 95.65217391304348, "percent_covered_display": "96", "missing_lines": 0, "excluded_lines": 0, "percent_statements_covered": 100.0, "percent_statements_covered_display": "100", "num_branches": 8, "num_partial_branches": 1, "covered_branches": 7, "missing_branches": 1, "percent_branches_covered": 87.5, "percent_branches_covered_display": "88"}, "missing_lines": [], "excluded_lines": [], "start_line": 286, "executed_branches": [[288, 289], [288, 303], [292, 293], [292, 295], [295, 297], [297, 298], [297, 299]], "missing_branches": [[295, 300]]}, "cart_remove": {"executed_lines": [308, 309, 310, 311, 312, 313], "summary": {"covered_lines": 6, "num_statements": 6, "percent_covered": 100.0, "percent_covered_display": "100", "missing_lines": 0, "excluded_lines": 0, "percent_statements_covered": 100.0, "percent_statements_covered_display": "100", "num_branches": 2, "num_partial_branches": 0, "covered_branches": 2, "missing_branches": 0, "percent_branches_covered": 100.0, "percent_branches_covered_display": "100"}, "missing_lines": [], "excluded_lines": [], "start_line": 307, "executed_branches": [[309, 310], [309, 313]], "missing_branches": []}, "cart_detail": {"executed_lines": [317, 318, 319, 322, 323, 324, 326, 327, 329, 330, 334, 335, 336, 337, 338, 339, 340, 341, 342, 343, 350, 351, 352, 353, 354, 355, 362, 363, 365], "summary": {"covered_lines": 29, "num_statements": 35, "percent_covered": 81.3953488372093, "percent_covered_display": "81", "missing_lines": 6, "excluded_lines": 0, "percent_statements_covered": 82.85714285714286, "percent_statements_covered_display": "83", "num_branches": 8, "num_partial_branches": 2, "covered_branches": 6, "missing_branches": 2, "percent_branches_covered": 75.0, "percent_branches_covered_display": "75"}, "missing_lines": [331, 332, 345, 347, 348, 349], "excluded_lines": [], "start_line": 316, "executed_branches": [[326, 327], [326, 362], [336, 337], [336, 350], [340, 341], [342, 343]], "missing_branches": [[340, 347], [342, 345]]}, "order_confirm": {"executed_lines": [377, 378, 379, 380, 382, 383, 384, 386, 387, 390, 391, 392, 395, 396, 397, 399, 401, 404, 406, 408, 411, 414, 416, 428, 429, 430, 431, 433, 440, 443, 444, 446, 448, 451, 452, 456, 457, 458, 459, 463, 465, 466, 468, 469, 470, 471, 472, 475, 476, 477, 478, 481, 482, 483, 484, 488, 489, 491, 492, 493, 494, 495, 498, 499, 500, 501, 504, 505, 506, 507, 511, 512, 513, 514, 515, 516, 517, 518, 519, 526, 527, 529], "summary": {"covered_lines": 82, "num_statements": 82, "percent_covered": 99.0, "percent_covered_display": "99", "missing_lines": 0, "excluded_lines": 0, "percent_statements_covered": 100.0, "percent_statements_covered_display": "100", "num_branches": 18, "num_partial_branches": 1, "covered_branches": 17, "missing_branches": 1, "percent_branches_covered": 94.44444444444444, "percent_branches_covered_display": "94"}, "missing_lines": [], "excluded_lines": [], "start_line": 376, "executed_branches": [[378, 379], [378, 382], [386, 387], [386, 511], [395, 396], [395, 399], [429, 430], [429, 443], [448, 451], [463, 465], [463, 488], [468, 469], [468, 481], [491, 492], [491, 504], [513, 514], [513, 526]], "missing_branches": [[448, 463]]}, "order_list": {"executed_lines": [541, 542, 545, 546, 547, 548, 549, 555], "summary": {"covered_lines": 8, "num_statements": 8, "percent_covered": 100.0, "percent_covered_display": "100", "missing_lines": 0, "excluded_lines": 0, "percent_statements_covered": 100.0, "percent_statements_covered_display": "100", "num_branches": 2, "num_partial_branches": 0, "covered_branches": 2, "missing_branches": 0, "percent_branches_covered": 100.0, "percent_branches_covered_display": "100"}, "missing_lines": [], "excluded_lines": [], "start_line": 540, "executed_branches": [[546, 547], [546, 555]], "missing_branches": []}, "order_detail": {"executed_lines": [563, 564, 565, 568, 569, 570, 571, 574, 575, 576, 577, 578, 584], "summary": {"covered_lines": 13, "num_statements": 13, "percent_covered": 100.0, "percent_covered_display": "100", "missing_lines": 0, "excluded_lines": 0, "percent_statements_covered": 100.0, "percent_statements_covered_display": "100", "num_branches": 2, "num_partial_branches": 0, "covered_branches": 2, "missing_branches": 0, "percent_branches_covered": 100.0, "percent_branches_covered_display": "100"}, "missing_lines": [], "excluded_lines": [], "start_line": 562, "executed_branches": [[575, 576], [575, 584]], "missing_branches": []}, "account_edit": {"executed_lines": [], "summary": {"covered_lines": 0, "num_statements": 33, "percent_covered": 0.0, "percent_covered_display": "0", "missing_lines": 33, "excluded_lines": 0, "percent_statements_covered": 0.0, "percent_statements_covered_display": "0", "num_branches": 14, "num_partial_branches": 0, "covered_branches": 0, "missing_branches": 14, "percent_branches_covered": 0.0, "percent_branches_covered_display": "0"}, "missing_lines": [602, 604, 605, 606, 607, 608, 609, 610, 613, 614, 615, 618, 619, 620, 623, 624, 625, 626, 628, 629, 630, 632, 633, 634, 636, 639, 640, 641, 642, 645, 647, 648, 650], "excluded_lines": [], "start_line": 600, "executed_branches": [], "missing_branches": [[604, 605], [604, 650], [613, 614], [613, 618], [618, 619], [618, 623], [623, 624], [623, 639], [624, 625], [624, 628], [628, 629], [628, 632], [632, 633], [632, 636]]}, "account_recharge": {"executed_lines": [], "summary": {"covered_lines": 0, "num_statements": 27, "percent_covered": 0.0, "percent_covered_display": "0", "missing_lines": 27, "excluded_lines": 0, "percent_statements_covered": 0.0, "percent_statements_covered_display": "0", "num_branches": 8, "num_partial_branches": 0, "covered_branches": 0, "missing_branches": 8, "percent_branches_covered": 0.0, "percent_branches_covered_display": "0"}, "missing_lines": [656, 658, 659, 660, 661, 662, 664, 665, 666, 668, 669, 670, 671, 672, 673, 674, 677, 680, 681, 683, 691, 692, 693, 694, 695, 697, 699], "excluded_lines": [], "start_line": 654, "executed_branches": [], "missing_branches": [[658, 659], [658, 677], [661, 662], [661, 664], [692, 693], [692, 697], [694, 695], [694, 699]]}, "repay_overdraft": {"executed_lines": [], "summary": {"covered_lines": 0, "num_statements": 35, "percent_covered": 0.0, "percent_covered_display": "0", "missing_lines": 35, "excluded_lines": 0, "percent_statements_covered": 0.0, "percent_statements_covered_display": "0", "num_branches": 10, "num_partial_branches": 0, "covered_branches": 0, "missing_branches": 10, "percent_branches_covered": 0.0, "percent_branches_covered_display": "0"}, "missing_lines": [709, 711, 712, 713, 715, 716, 717, 720, 721, 722, 725, 731, 732, 735, 736, 739, 740, 741, 744, 745, 746, 747, 750, 753, 754, 755, 756, 757, 758, 759, 760, 765, 766, 770, 772], "excluded_lines": [], "start_line": 707, "executed_branches": [], "missing_branches": [[711, 712], [711, 772], [715, 716], [715, 720], [720, 721], [720, 725], [735, 736], [735, 750], [757, 758], [757, 765]]}, "pay_order": {"executed_lines": [], "summary": {"covered_lines": 0, "num_statements": 34, "percent_covered": 0.0, "percent_covered_display": "0", "missing_lines": 34, "excluded_lines": 0, "percent_statements_covered": 0.0, "percent_statements_covered_display": "0", "num_branches": 12, "num_partial_branches": 0, "covered_branches": 0, "missing_branches": 12, "percent_branches_covered": 0.0, "percent_branches_covered_display": "0"}, "missing_lines": [778, 779, 781, 782, 783, 785, 786, 787, 789, 790, 791, 792, 795, 798, 799, 800, 803, 804, 805, 808, 809, 810, 811, 812, 813, 815, 818, 819, 820, 822, 823, 825, 827, 829], "excluded_lines": [], "start_line": 776, "executed_branches": [], "missing_branches": [[781, 782], [781, 785], [785, 786], [785, 789], [789, 790], [789, 829], [798, 799], [798, 803], [812, 813], [812, 815], [822, 823], [822, 825]]}, "cancel_order": {"executed_lines": [835, 836, 839, 840, 841, 843, 844, 845, 847, 848, 849, 851, 852, 854, 855, 857, 858, 860], "summary": {"covered_lines": 18, "num_statements": 18, "percent_covered": 100.0, "percent_covered_display": "100", "missing_lines": 0, "excluded_lines": 0, "percent_statements_covered": 100.0, "percent_statements_covered_display": "100", "num_branches": 8, "num_partial_branches": 0, "covered_branches": 8, "missing_branches": 0, "percent_branches_covered": 100.0, "percent_branches_covered_display": "100"}, "missing_lines": [], "excluded_lines": [], "start_line": 833, "executed_branches": [[839, 840], [839, 843], [843, 844], [843, 847], [847, 848], [847, 851], [851, 852], [851, 860]], "missing_branches": []}, "confirm_receipt": {"executed_lines": [866, 867, 869, 870, 871, 873, 874, 875, 876, 877, 879], "summary": {"covered_lines": 11, "num_statements": 11, "percent_covered": 100.0, "percent_covered_display": "100", "missing_lines": 0, "excluded_lines": 0, "percent_statements_covered": 100.0, "percent_statements_covered_display": "100", "num_branches": 4, "num_partial_branches": 0, "covered_branches": 4, "missing_branches": 0, "percent_branches_covered": 100.0, "percent_branches_covered_display": "100"}, "missing_lines": [], "excluded_lines": [], "start_line": 864, "executed_branches": [[869, 870], [869, 873], [873, 874], [873, 879]], "missing_branches": []}, "": {"executed_lines": [1, 2, 3, 4, 5, 6, 7, 9, 10, 11, 14, 32, 95, 102, 103, 112, 134, 192, 239, 248, 251, 255, 256, 285, 286, 306, 307, 315, 316, 375, 376, 539, 540, 561, 562, 599, 600, 653, 654, 706, 707, 775, 776, 832, 833, 863, 864], "summary": {"covered_lines": 47, "num_statements": 47, "percent_covered": 100.0, "percent_covered_display": "100", "missing_lines": 0, "excluded_lines": 0, "percent_statements_covered": 100.0, "percent_statements_covered_display": "100", "num_branches": 0, "num_partial_branches": 0, "covered_branches": 0, "missing_branches": 0, "percent_branches_covered": 100.0, "percent_branches_covered_display": "100"}, "missing_lines": [], "excluded_lines": [], "start_line": 1, "executed_branches": [], "missing_branches": []}}, "classes": {"": {"executed_lines": [1, 2, 3, 4, 5, 6, 7, 9, 10, 11, 14, 32, 95, 102, 103, 104, 105, 106, 107, 108, 109, 112, 116, 119, 120, 121, 122, 123, 126, 127, 128, 131, 134, 192, 239, 248, 249, 251, 252, 253, 255, 256, 257, 258, 261, 262, 263, 264, 265, 266, 267, 269, 271, 272, 273, 274, 276, 279, 280, 281, 283, 285, 286, 288, 289, 290, 291, 292, 293, 294, 295, 297, 298, 299, 300, 301, 302, 303, 306, 307, 308, 309, 310, 311, 312, 313, 315, 316, 317, 318, 319, 322, 323, 324, 326, 327, 329, 330, 334, 335, 336, 337, 338, 339, 340, 341, 342, 343, 350, 351, 352, 353, 354, 355, 362, 363, 365, 375, 376, 377, 378, 379, 380, 382, 383, 384, 386, 387, 390, 391, 392, 395, 396, 397, 399, 401, 404, 406, 408, 411, 414, 416, 428, 429, 430, 431, 433, 440, 443, 444, 446, 448, 451, 452, 456, 457, 458, 459, 463, 465, 466, 468, 469, 470, 471, 472, 475, 476, 477, 478, 481, 482, 483, 484, 488, 489, 491, 492, 493, 494, 495, 498, 499, 500, 501, 504, 505, 506, 507, 511, 512, 513, 514, 515, 516, 517, 518, 519, 526, 527, 529, 539, 540, 541, 542, 545, 546, 547, 548, 549, 555, 561, 562, 563, 564, 565, 568, 569, 570, 571, 574, 575, 576, 577, 578, 584, 599, 600, 653, 654, 706, 707, 775, 776, 832, 833, 835, 836, 839, 840, 841, 843, 844, 845, 847, 848, 849, 851, 852, 854, 855, 857, 858, 860, 863, 864, 866, 867, 869, 870, 871, 873, 874, 875, 876, 877, 879], "summary": {"covered_lines": 267, "num_statements": 509, "percent_covered": 50.23041474654378, "percent_covered_display": "50", "missing_lines": 242, "excluded_lines": 0, "percent_statements_covered": 52.45579567779961, "percent_statements_covered_display": "52", "num_branches": 142, "num_partial_branches": 4, "covered_branches": 60, "missing_branches": 82, "percent_branches_covered": 42.25352112676056, "percent_branches_covered_display": "42"}, "missing_lines": [15, 16, 17, 19, 20, 22, 23, 24, 25, 26, 27, 29, 33, 34, 35, 36, 37, 38, 39, 42, 43, 44, 46, 47, 48, 50, 51, 52, 55, 56, 57, 60, 61, 62, 64, 65, 67, 82, 83, 85, 86, 88, 89, 90, 92, 96, 97, 98, 99, 135, 138, 139, 140, 141, 155, 156, 157, 159, 160, 163, 164, 165, 166, 168, 170, 173, 176, 177, 178, 180, 183, 184, 185, 186, 187, 188, 190, 193, 196, 197, 212, 213, 214, 215, 216, 217, 218, 219, 220, 221, 222, 224, 226, 227, 228, 230, 231, 232, 233, 234, 235, 237, 240, 241, 242, 243, 246, 331, 332, 345, 347, 348, 349, 602, 604, 605, 606, 607, 608, 609, 610, 613, 614, 615, 618, 619, 620, 623, 624, 625, 626, 628, 629, 630, 632, 633, 634, 636, 639, 640, 641, 642, 645, 647, 648, 650, 656, 658, 659, 660, 661, 662, 664, 665, 666, 668, 669, 670, 671, 672, 673, 674, 677, 680, 681, 683, 691, 692, 693, 694, 695, 697, 699, 709, 711, 712, 713, 715, 716, 717, 720, 721, 722, 725, 731, 732, 735, 736, 739, 740, 741, 744, 745, 746, 747, 750, 753, 754, 755, 756, 757, 758, 759, 760, 765, 766, 770, 772, 778, 779, 781, 782, 783, 785, 786, 787, 789, 790, 791, 792, 795, 798, 799, 800, 803, 804, 805, 808, 809, 810, 811, 812, 813, 815, 818, 819, 820, 822, 823, 825, 827, 829], "excluded_lines": [], "start_line": 1, "executed_branches": [[105, 106], [105, 108], [126, 127], [126, 131], [127, 126], [127, 128], [261, 262], [261, 269], [264, 265], [264, 271], [280, 281], [280, 283], [288, 289], [288, 303], [292, 293], [292, 295], [295, 297], [297, 298], [297, 299], [309, 310], [309, 313], [326, 327], [326, 362], [336, 337], [336, 350], [340, 341], [342, 343], [378, 379], [378, 382], [386, 387], [386, 511], [395, 396], [395, 399], [429, 430], [429, 443], [448, 451], [463, 465], [463, 488], [468, 469], [468, 481], [491, 492], [491, 504], [513, 514], [513, 526], [546, 547], [546, 555], [575, 576], [575, 584], [839, 840], [839, 843], [843, 844], [843, 847], [847, 848], [847, 851], [851, 852], [851, 860], [869, 870], [869, 873], [873, 874], [873, 879]], "missing_branches": [[15, 16], [15, 29], [33, 34], [33, 92], [42, 43], [42, 46], [46, 47], [46, 50], [50, 51], [50, 55], [55, 56], [55, 60], [60, 61], [60, 64], [140, 141], [140, 183], [156, 157], [156, 159], [159, 160], [159, 180], [165, 166], [165, 176], [168, 170], [168, 173], [213, 214], [213, 215], [215, 216], [215, 230], [219, 220], [219, 226], [221, 222], [221, 224], [242, 243], [242, 246], [295, 300], [340, 347], [342, 345], [448, 463], [604, 605], [604, 650], [613, 614], [613, 618], [618, 619], [618, 623], [623, 624], [623, 639], [624, 625], [624, 628], [628, 629], [628, 632], [632, 633], [632, 636], [658, 659], [658, 677], [661, 662], [661, 664], [692, 693], [692, 697], [694, 695], [694, 699], [711, 712], [711, 772], [715, 716], [715, 720], [720, 721], [720, 725], [735, 736], [735, 750], [757, 758], [757, 765], [781, 782], [781, 785], [785, 786], [785, 789], [789, 790], [789, 829], [798, 799], [798, 803], [812, 813], [812, 815], [822, 823], [822, 825]]}}}}, "totals": {"covered_lines": 494, "num_statements": 837, "percent_covered": 55.18913676042677, "percent_covered_display": "55", "missing_lines": 343, "excluded_lines": 22, "percent_statements_covered": 59.02031063321386, "percent_statements_covered_display": "59", "num_branches": 194, "num_partial_branches": 9, "covered_branches": 75, "missing_branches": 119, "percent_branches_covered": 38.65979381443299, "percent_branches_covered_display": "39"}}